<?xml version="1.0" encoding="UTF-8"?>
<robot generator="Robot 3.2.1 (Python 3.8.5 on win32)" generated="20200903 10:58:56.572" rpa="false">
<suite id="s1" name="Test1" source="D:\dev-git\pytest\tests\test1.robot">
<test id="s1-t1" name="User must sing in to check out">
<kw name="Open Browser" library="SeleniumLibrary">
<doc>Opens a new browser instance to the optional ``url``.</doc>
<arguments>
<arg>https://google.com/</arg>
<arg>ff</arg>
</arguments>
<msg timestamp="20200903 10:58:56.737" level="INFO">Opening browser 'ff' to base url 'https://google.com/'.</msg>
<msg timestamp="20200903 10:58:56.738" level="INFO">Firefox driver log is always forced to to: D:\dev-git\pytest\results\geckodriver-2.log</msg>
<kw name="Capture Page Screenshot" library="SeleniumLibrary">
<doc>Takes a screenshot of the current page and embeds it into a log file.</doc>
<msg timestamp="20200903 10:58:59.826" level="INFO">Cannot capture screenshot because no browser is open.</msg>
<status status="PASS" starttime="20200903 10:58:59.825" endtime="20200903 10:58:59.826"></status>
</kw>
<msg timestamp="20200903 10:58:59.854" level="FAIL">SessionNotCreatedException: Message: Unable to find a matching set of capabilities
</msg>
<status status="FAIL" starttime="20200903 10:58:56.737" endtime="20200903 10:58:59.854"></status>
</kw>
<doc>This is some basic info about the test</doc>
<tags>
<tag>Smoke</tag>
</tags>
<status status="FAIL" starttime="20200903 10:58:56.737" endtime="20200903 10:58:59.855" critical="yes">SessionNotCreatedException: Message: Unable to find a matching set of capabilities
</status>
</test>
<doc>This is some basic info about the whole suite</doc>
<status status="FAIL" starttime="20200903 10:58:56.573" endtime="20200903 10:58:59.857"></status>
</suite>
<statistics>
<total>
<stat pass="0" fail="1">Critical Tests</stat>
<stat pass="0" fail="1">All Tests</stat>
</total>
<tag>
<stat pass="0" fail="1">Smoke</stat>
</tag>
<suite>
<stat pass="0" fail="1" id="s1" name="Test1">Test1</stat>
</suite>
</statistics>
<errors>
</errors>
</robot>
